<?xml version="1.0" encoding="UTF-8"?>
<!-- Generated by org.testng.reporters.JUnitReportReporter -->
<testsuite hostname="LAPTOP-LRRTHGPL" failures="0" tests="5" name="testCases.TC003_LoginDDTest" time="3.510" errors="0" timestamp="2022-12-14T17:10:52 IST" skipped="0">
  <testcase classname="testCases.TC003_LoginDDTest" name="test_loginDDT" time="0.710"/>
  <system-out/>
  <testcase classname="testCases.TC003_LoginDDTest" name="test_loginDDT" time="0.738"/>
  <system-out/>
  <testcase classname="testCases.TC003_LoginDDTest" name="test_loginDDT" time="0.633"/>
  <system-out/>
  <testcase classname="testCases.TC003_LoginDDTest" name="test_loginDDT" time="0.741"/>
  <system-out/>
  <testcase classname="testCases.TC003_LoginDDTest" name="test_loginDDT" time="0.688"/>
  <system-out/>
</testsuite> <!-- testCases.TC003_LoginDDTest -->
