<?xml version="1.0" encoding="UTF-8"?>
<!-- Generated by org.testng.reporters.JUnitReportReporter -->
<testsuite hostname="LAPTOP-LRRTHGPL" failures="0" tests="1" name="testCases.TC002_LoginTest" time="0.790" errors="0" timestamp="2022-12-14T09:55:39 IST" skipped="0">
  <testcase classname="testCases.TC002_LoginTest" name="test_login" time="0.790"/>
  <system-out/>
</testsuite> <!-- testCases.TC002_LoginTest -->
