<?xml version="1.0" encoding="UTF-8"?>
<!-- Generated by org.testng.reporters.JUnitReportReporter -->
<testsuite hostname="LAPTOP-LRRTHGPL" failures="0" tests="1" name="testCases.TC001_AccountRegistrationTest" time="1.061" errors="0" timestamp="2022-12-14T09:55:39 IST" skipped="0">
  <testcase classname="testCases.TC001_AccountRegistrationTest" name="test_account_registration" time="1.061"/>
  <system-out/>
</testsuite> <!-- testCases.TC001_AccountRegistrationTest -->
