<?xml version="1.0" encoding="UTF-8"?>
<!-- Generated by org.testng.reporters.JUnitReportReporter -->
<testsuite hostname="LAPTOP-LRRTHGPL" failures="0" tests="1" name="testCases.TC001_AccountRegistrationTest" time="0.942" errors="0" timestamp="2022-12-15T08:56:45 IST" skipped="0">
  <testcase classname="testCases.TC001_AccountRegistrationTest" name="test_account_registration" time="0.942"/>
  <system-out/>
</testsuite> <!-- testCases.TC001_AccountRegistrationTest -->
