<?xml version="1.0" encoding="UTF-8"?>
<!-- Generated by org.testng.reporters.JUnitReportReporter -->
<testsuite hostname="LAPTOP-LRRTHGPL" failures="0" tests="5" name="testCases.TC003_LoginDDTest" time="3.527" errors="0" timestamp="2022-12-15T08:56:45 IST" skipped="0">
  <testcase classname="testCases.TC003_LoginDDTest" name="test_loginDDT" time="0.710"/>
  <system-out/>
  <testcase classname="testCases.TC003_LoginDDTest" name="test_loginDDT" time="0.748"/>
  <system-out/>
  <testcase classname="testCases.TC003_LoginDDTest" name="test_loginDDT" time="0.742"/>
  <system-out/>
  <testcase classname="testCases.TC003_LoginDDTest" name="test_loginDDT" time="0.624"/>
  <system-out/>
  <testcase classname="testCases.TC003_LoginDDTest" name="test_loginDDT" time="0.703"/>
  <system-out/>
</testsuite> <!-- testCases.TC003_LoginDDTest -->
